SF:lib\base\base_result_repository.dart
DA:2,1
DA:11,2
DA:14,0
DA:19,0
LF:4
LH:2
end_of_record
SF:lib\base\base_result_use_case.dart
DA:2,1
DA:12,2
DA:16,2
DA:19,2
DA:24,0
LF:5
LH:4
end_of_record
SF:lib\domain\breeds\get_breeds_use_case.dart
DA:12,1
DA:14,1
DA:16,3
DA:17,1
DA:19,3
DA:21,1
DA:22,1
DA:24,1
DA:25,2
DA:26,1
DA:27,4
DA:28,1
DA:29,0
DA:30,0
DA:34,1
DA:36,0
DA:37,0
DA:38,0
DA:42,0
DA:44,0
DA:45,0
LF:21
LH:13
end_of_record
SF:lib\presentation\global\models\breed_model.dart
DA:3,2
DA:57,2
LF:2
LH:2
end_of_record
SF:lib\domain\breeds\get_image_breed_use_case.dart
DA:9,0
DA:11,0
DA:13,0
DA:14,0
DA:16,0
DA:18,0
DA:19,0
DA:20,0
DA:21,0
DA:23,0
DA:24,0
DA:25,0
DA:29,0
DA:31,0
DA:32,0
LF:15
LH:0
end_of_record
SF:lib\domain\validate_connection.dart
DA:4,0
DA:5,0
DA:6,0
DA:7,0
LF:4
LH:0
end_of_record
SF:lib\domain\breeds\filter_by_breed_use_case.dart
DA:4,0
DA:5,0
DA:6,0
DA:7,0
DA:8,0
DA:11,0
LF:6
LH:0
end_of_record
SF:lib\presentation\breed\ui\screen\breed_screen.dart
DA:10,0
DA:12,0
DA:14,0
DA:15,0
DA:16,0
DA:17,0
DA:18,0
DA:20,0
DA:21,0
DA:22,0
DA:23,0
DA:24,0
DA:25,0
DA:26,0
DA:27,0
DA:29,0
DA:30,0
DA:32,0
DA:33,0
DA:35,0
DA:36,0
DA:37,0
DA:39,0
DA:40,0
DA:42,0
DA:43,0
DA:49,0
DA:50,0
DA:52,0
DA:54,0
DA:56,0
DA:59,0
DA:69,0
DA:70,0
DA:72,0
DA:73,0
DA:79,0
DA:80,0
DA:82,0
DA:83,0
DA:84,0
DA:85,0
DA:88,0
DA:89,0
DA:97,0
DA:98,0
DA:99,0
DA:118,0
DA:124,0
DA:125,0
DA:130,0
DA:131,0
LF:52
LH:0
end_of_record
SF:lib\presentation\global\theme_controller.dart
DA:6,0
DA:7,0
DA:9,0
DA:11,0
DA:12,0
DA:13,0
DA:14,0
LF:7
LH:0
end_of_record
SF:lib\presentation\home\blocs\breed\breed_state.dart
DA:5,1
DA:7,0
DA:8,0
DA:9,0
DA:10,0
DA:11,0
DA:19,1
LF:7
LH:2
end_of_record
SF:lib\presentation\home\blocs\breed\breed_bloc.dart
DA:17,0
DA:20,0
DA:21,0
DA:22,0
DA:23,0
DA:24,0
DA:25,0
DA:26,0
DA:27,0
DA:29,0
DA:30,0
DA:32,0
DA:33,0
DA:35,0
DA:36,0
DA:41,0
DA:42,0
DA:43,0
DA:44,0
DA:45,0
DA:46,0
DA:49,0
DA:50,0
DA:51,0
DA:52,0
DA:53,0
DA:54,0
DA:55,0
DA:56,0
DA:57,0
DA:59,0
DA:60,0
DA:63,0
DA:64,0
LF:34
LH:0
end_of_record
SF:lib\presentation\home\blocs\breed\breed_event.dart
DA:10,0
LF:1
LH:0
end_of_record
SF:lib\presentation\home\ui\screen\home_screen.dart
DA:15,1
DA:17,0
DA:18,0
DA:27,0
DA:29,0
DA:30,0
DA:31,0
DA:32,0
DA:33,0
DA:35,0
DA:36,0
DA:38,0
DA:39,0
DA:40,0
DA:43,0
DA:44,0
DA:48,0
DA:51,0
DA:53,0
DA:54,0
DA:55,0
DA:56,0
DA:57,0
DA:58,0
DA:59,0
DA:60,0
DA:62,0
DA:63,0
DA:64,0
DA:65,0
DA:66,0
DA:67,0
DA:68,0
DA:69,0
DA:70,0
DA:71,0
DA:72,0
DA:73,0
DA:74,0
DA:75,0
DA:76,0
DA:78,0
DA:79,0
DA:80,0
DA:82,0
DA:83,0
DA:85,0
DA:88,0
DA:89,0
DA:91,0
DA:94,0
DA:95,0
DA:97,0
DA:98,0
DA:101,0
DA:102,0
DA:104,0
DA:105,0
DA:111,0
DA:113,0
DA:114,0
DA:115,0
DA:116,0
DA:117,0
DA:120,0
DA:121,0
DA:126,0
DA:127,0
DA:128,0
DA:134,0
DA:136,0
DA:137,0
DA:138,0
DA:139,0
DA:140,0
DA:145,0
DA:160,0
DA:164,0
DA:168,0
DA:170,0
DA:172,0
DA:175,0
DA:176,0
DA:177,0
DA:181,0
DA:189,1
DA:191,0
DA:193,0
DA:195,0
DA:197,0
DA:214,0
DA:224,0
DA:226,0
DA:231,0
DA:232,0
DA:241,0
DA:250,0
DA:251,0
DA:255,0
DA:256,0
LF:100
LH:2
end_of_record
SF:lib\data\preferences\preferences.dart
DA:5,0
DA:6,0
DA:10,0
DA:11,0
DA:13,0
DA:14,0
LF:6
LH:0
end_of_record
SF:lib\presentation\breed\ui\widgets\info_breed.dart
DA:7,1
DA:9,0
DA:12,0
DA:14,0
DA:15,0
DA:17,0
DA:18,0
DA:19,0
DA:30,0
DA:32,0
DA:33,0
DA:36,0
DA:41,0
DA:42,0
DA:53,0
DA:55,0
DA:56,0
DA:59,0
LF:18
LH:1
end_of_record
SF:lib\presentation\breed\ui\widgets\header_breed.dart
DA:6,1
DA:8,0
DA:11,0
DA:13,0
DA:14,0
DA:15,0
DA:16,0
DA:17,0
DA:18,0
DA:19,0
DA:21,0
DA:23,0
DA:24,0
DA:25,0
DA:27,0
DA:32,0
DA:33,0
DA:34,0
DA:35,0
DA:36,0
DA:37,0
LF:21
LH:1
end_of_record
SF:lib\presentation\breed\ui\widgets\rating_info.dart
DA:6,1
DA:8,0
DA:10,0
DA:11,0
DA:12,0
DA:13,0
DA:15,0
DA:17,0
DA:18,0
DA:19,0
DA:21,0
DA:22,0
DA:23,0
DA:26,0
DA:27,0
DA:28,0
DA:30,0
DA:33,0
DA:35,0
DA:37,0
DA:38,0
DA:39,0
DA:40,0
DA:41,0
DA:42,0
DA:49,0
DA:50,0
LF:27
LH:1
end_of_record
SF:lib\presentation\global\global_widgets\CustomText.dart
DA:12,4
DA:20,0
DA:22,0
DA:24,0
DA:25,0
DA:26,0
DA:27,0
DA:28,0
DA:29,0
DA:30,0
DA:31,0
LF:11
LH:1
end_of_record
SF:lib\presentation\global\animations\slide_up_animation.dart
DA:9,0
DA:15,0
DA:17,0
DA:18,0
DA:27,0
DA:29,0
DA:30,0
DA:31,0
DA:34,0
DA:36,0
DA:37,0
DA:38,0
DA:39,0
DA:41,0
DA:42,0
DA:44,0
DA:45,0
DA:46,0
DA:51,0
DA:54,0
DA:55,0
DA:56,0
DA:57,0
DA:58,0
LF:24
LH:0
end_of_record
SF:lib\presentation\global\animations\slide_down_animation.dart
DA:10,3
DA:16,0
DA:18,0
DA:19,0
DA:20,0
DA:21,0
DA:22,0
DA:23,0
LF:8
LH:1
end_of_record
SF:lib\presentation\global\animations\fade_in_animation.dart
DA:8,0
DA:13,0
DA:15,0
DA:16,0
DA:23,0
DA:25,0
DA:26,0
DA:27,0
DA:30,0
DA:32,0
DA:33,0
DA:34,0
DA:35,0
DA:36,0
DA:37,0
DA:42,0
DA:44,0
DA:45,0
DA:46,0
DA:47,0
DA:48,0
DA:49,0
LF:22
LH:0
end_of_record
SF:lib\presentation\global\dialogs\breed_dialog.dart
DA:8,0
DA:11,0
DA:13,0
DA:15,0
DA:16,0
DA:17,0
DA:19,0
DA:20,0
DA:21,0
DA:22,0
DA:23,0
DA:24,0
DA:25,0
DA:26,0
DA:27,0
DA:28,0
DA:30,0
DA:31,0
DA:33,0
LF:19
LH:0
end_of_record
SF:lib\presentation\global\global_widgets\CustomTextIcon.dart
DA:9,0
DA:15,0
DA:17,0
DA:19,0
DA:20,0
DA:21,0
DA:23,0
DA:24,0
DA:25,0
DA:27,0
LF:10
LH:0
end_of_record
SF:lib\presentation\global\global_widgets\custom_background_wait.dart
DA:7,1
DA:11,0
DA:13,0
DA:15,0
DA:16,0
DA:17,0
DA:18,0
DA:19,0
DA:21,0
LF:9
LH:1
end_of_record
SF:lib\presentation\global\global_widgets\custom_error.dart
DA:8,0
DA:10,0
DA:12,0
DA:13,0
DA:14,0
DA:15,0
DA:16,0
LF:7
LH:0
end_of_record
SF:lib\presentation\utils\routes.dart
DA:5,0
DA:6,0
DA:7,0
DA:8,0
DA:15,0
DA:20,0
LF:6
LH:0
end_of_record
SF:lib\presentation\home\ui\widgets\breed_item_home.dart
DA:6,1
DA:8,0
DA:10,0
DA:11,0
DA:12,0
DA:13,0
DA:15,0
DA:16,0
DA:17,0
DA:18,0
DA:19,0
DA:20,0
DA:21,0
DA:23,0
DA:30,0
DA:31,0
DA:32,0
DA:45,0
DA:47,0
DA:53,0
DA:54,0
DA:61,0
DA:62,0
DA:64,0
DA:74,0
DA:79,0
DA:85,0
DA:87,0
DA:88,0
DA:89,0
DA:90,0
DA:96,0
DA:97,0
DA:98,0
DA:99,0
DA:100,0
DA:101,0
DA:102,0
DA:103,0
DA:107,0
DA:108,0
DA:109,0
DA:111,0
DA:112,0
DA:114,0
LF:45
LH:1
end_of_record
SF:lib\presentation\home\ui\widgets\header_home.dart
DA:10,1
DA:11,0
DA:13,0
DA:15,0
DA:16,0
DA:18,0
DA:19,0
DA:29,0
DA:30,0
DA:32,0
DA:39,1
DA:41,0
DA:43,0
DA:46,0
DA:49,0
DA:50,0
DA:51,0
DA:52,0
DA:54,0
DA:55,0
DA:56,0
DA:60,0
DA:62,0
DA:63,0
DA:64,0
DA:65,0
DA:75,0
DA:77,0
DA:78,0
DA:79,0
DA:80,0
DA:81,0
DA:84,0
DA:86,0
DA:87,0
DA:88,0
DA:98,1
DA:100,0
DA:102,0
DA:103,0
DA:108,0
DA:110,0
DA:111,0
DA:113,0
DA:115,0
DA:117,0
DA:118,0
DA:121,0
DA:123,0
DA:125,0
DA:127,0
DA:128,0
DA:129,0
DA:130,0
DA:133,0
DA:134,0
DA:135,0
DA:140,0
DA:143,0
DA:144,0
LF:60
LH:3
end_of_record
